2024-12-26 22:06:19,068 - INFO - Database connection established
2024-12-26 22:06:24,224 - INFO - Fetched 186 products from Bluefin
2024-12-26 22:06:24,237 - INFO - Added new product: 43003-128798_HU03
2024-12-26 22:06:24,239 - INFO - Added new product: 43003-131318_HU03
2024-12-26 22:06:24,240 - INFO - Added new product: 47001-131656-21247_HU03
2024-12-26 22:06:24,241 - INFO - Added new product: 47001-131654-21246_HU03
2024-12-26 22:06:24,242 - INFO - Added new product: 8001-131653-21211_HU03
2024-12-26 22:06:24,243 - INFO - Added new product: 8001-131650-21210_HU03
2024-12-26 22:06:24,244 - INFO - Added new product: 8001-131651-21208_HU03
2024-12-26 22:06:24,245 - INFO - Added new product: 8001-131652-21207_HU03
2024-12-26 22:06:24,246 - INFO - Added new product: 2002-131579_HU03
2024-12-26 22:06:24,247 - INFO - Added new product: 2002-131580_HU03
2024-12-26 22:06:24,248 - INFO - Added new product: 1028-126314-18839_HU03
2024-12-26 22:06:24,249 - INFO - Added new product: 1028-128748-19849_HU03
2024-12-26 22:06:24,252 - INFO - Added new product: 1028-128750-19924_HU03
2024-12-26 22:06:24,253 - INFO - Added new product: 1028-128751-19926_HU03
2024-12-26 22:06:24,253 - INFO - Added new product: 1028-130389-20834_HU03
2024-12-26 22:06:24,254 - INFO - Added new product: 1028-130391-21112_HU03
2024-12-26 22:06:24,255 - INFO - Added new product: 1028-130390-21035_HU03
2024-12-26 22:06:24,256 - INFO - Added new product: 1015-131640_HU03
2024-12-26 22:06:24,257 - INFO - Added new product: 1015-131641_HU03
2024-12-26 22:06:24,258 - INFO - Added new product: 1015-131631_HU03
2024-12-26 22:06:24,259 - INFO - Added new product: 1015-131639_HU03
2024-12-26 22:06:24,261 - INFO - Added new product: 30001-131550_HU03
2024-12-26 22:06:24,262 - INFO - Added new product: 30001-131552_HU03
2024-12-26 22:06:24,263 - INFO - Added new product: 30001-131553-21164_HU03
2024-12-26 22:06:24,264 - INFO - Added new product: 30001-131551_HU03
2024-12-26 22:06:24,265 - INFO - Added new product: 19003-127968_HU03
2024-12-26 22:06:24,266 - INFO - Added new product: 1009-131342_HU03
2024-12-26 22:06:24,267 - INFO - Added new product: 8004-131513_HU03
2024-12-26 22:06:24,268 - INFO - Added new product: 1009-130704-20975_HU03
2024-12-26 22:06:24,269 - INFO - Added new product: 1009-130706-21007_HU03
2024-12-26 22:06:24,271 - INFO - Added new product: 1009-131282_HU03
2024-12-26 22:06:24,272 - INFO - Added new product: 1009-130896_HU03
2024-12-26 22:06:24,273 - INFO - Added new product: 1009-130786_HU03
2024-12-26 22:06:24,274 - INFO - Added new product: 1009-131588-21242_HU03
2024-12-26 22:06:24,275 - INFO - Added new product: 1009-131589-21243_HU03
2024-12-26 22:06:24,276 - INFO - Added new product: 1009-131691-21244_HU03
2024-12-26 22:06:24,277 - INFO - Added new product: 1009-131585-21189_HU03
2024-12-26 22:06:24,277 - INFO - Added new product: 1009-131692-21245_HU03
2024-12-26 22:06:24,278 - INFO - Added new product: 1009-131632_HU03
2024-12-26 22:06:24,279 - INFO - Added new product: 1009-131694-21237_HU03
2024-12-26 22:06:24,281 - INFO - Added new product: 1009-131695-21238_HU03
2024-12-26 22:06:24,282 - INFO - Added new product: 1009-131565_HU03
2024-12-26 22:06:24,283 - INFO - Added new product: 1009-131564_HU03
2024-12-26 22:06:24,283 - INFO - Added new product: 1009-131693-21239_HU03
2024-12-26 22:06:24,284 - INFO - Added new product: 1009-130700_HU03
2024-12-26 22:06:24,285 - INFO - Added new product: 1009-131157-21105_HU03
2024-12-26 22:06:24,286 - INFO - Added new product: 1009-130775_HU03
2024-12-26 22:06:24,287 - INFO - Added new product: 1009-131158-21104_HU03
2024-12-26 22:06:24,288 - INFO - Added new product: 1009-130716_HU03
2024-12-26 22:06:24,289 - INFO - Added new product: 1009-131036_HU03
2024-12-26 22:06:24,290 - INFO - Added new product: 1009-131024_HU03
2024-12-26 22:06:24,291 - INFO - Added new product: 1009-131037_HU03
2024-12-26 22:06:24,292 - INFO - Added new product: 1009-131026_HU03
2024-12-26 22:06:24,293 - INFO - Added new product: 43003-131339_HU03
2024-12-26 22:06:24,293 - INFO - Added new product: 8004-131371_HU03
2024-12-26 22:06:24,294 - INFO - Added new product: 8004-131408_HU03
2024-12-26 22:06:24,296 - INFO - Added new product: 8004-131602_HU03
2024-12-26 22:06:24,296 - INFO - Added new product: 1009-129406_HU03
2024-12-26 22:06:24,297 - INFO - Added new product: 1009-129357-19942_HU03
2024-12-26 22:06:24,298 - INFO - Added new product: 1009-129357-20752_HU03
2024-12-26 22:06:24,299 - INFO - Added new product: 1009-130869_HU03
2024-12-26 22:06:24,300 - INFO - Added new product: 1009-131038_HU03
2024-12-26 22:06:24,301 - INFO - Added new product: 1009-130870_HU03
2024-12-26 22:06:24,302 - INFO - Added new product: 1009-130871_HU03
2024-12-26 22:06:24,303 - INFO - Added new product: 1009-130867_HU03
2024-12-26 22:06:24,303 - INFO - Added new product: 1009-130868_HU03
2024-12-26 22:06:24,304 - INFO - Added new product: 1009-131515_HU03
2024-12-26 22:06:24,306 - INFO - Added new product: 1009-131554_HU03
2024-12-26 22:06:24,307 - INFO - Added new product: 1009-131527_HU03
2024-12-26 22:06:24,308 - INFO - Added new product: 1009-131516_HU03
2024-12-26 22:06:24,308 - INFO - Added new product: 1009-130873_HU03
2024-12-26 22:06:24,309 - INFO - Added new product: 1009-130876_HU03
2024-12-26 22:06:24,310 - INFO - Added new product: 1009-130937_HU03
2024-12-26 22:06:24,311 - INFO - Added new product: 1009-130875_HU03
2024-12-26 22:06:24,312 - INFO - Added new product: 1009-130990_HU03
2024-12-26 22:06:24,313 - INFO - Added new product: 1009-130877_HU03
2024-12-26 22:06:24,313 - INFO - Added new product: 8004-131372_HU03
2024-12-26 22:06:24,314 - INFO - Added new product: 8004-131458_HU03
2024-12-26 22:06:24,315 - INFO - Added new product: 8004-131387_HU03
2024-12-26 22:06:24,316 - INFO - Added new product: 8004-131398_HU03
2024-12-26 22:06:24,317 - INFO - Added new product: 2005-131407_HU03
2024-12-26 22:06:24,318 - INFO - Added new product: 2005-130930_HU03
2024-12-26 22:06:24,318 - INFO - Added new product: 2005-131567_HU03
2024-12-26 22:06:24,319 - INFO - Added new product: 2005-131556_HU03
2024-12-26 22:06:24,320 - INFO - Added new product: 2005-131724_HU03
2024-12-26 22:06:24,321 - INFO - Added new product: 2005-131555_HU03
2024-12-26 22:06:24,322 - INFO - Added new product: 2005-131648_HU03
2024-12-26 22:06:24,323 - INFO - Added new product: 2005-131243_HU03
2024-12-26 22:06:24,324 - INFO - Added new product: 2005-130664_HU03
2024-12-26 22:06:24,324 - INFO - Added new product: 2005-130784_HU03
2024-12-26 22:06:24,325 - INFO - Added new product: 2005-130757_HU03
2024-12-26 22:06:24,326 - INFO - Added new product: 2005-130782_HU03
2024-12-26 22:06:24,327 - INFO - Added new product: 2005-130484_HU03
2024-12-26 22:06:24,327 - INFO - Added new product: 2005-130674_HU03
2024-12-26 22:06:24,328 - INFO - Added new product: 8004-130316_HU03
2024-12-26 22:06:24,329 - INFO - Added new product: 8004-130789_HU03
2024-12-26 22:06:24,330 - INFO - Added new product: 8004-130384_HU03
2024-12-26 22:06:24,331 - INFO - Added new product: 43003-131460_HU03
2024-12-26 22:06:24,332 - INFO - Added new product: 8004-131399_HU03
2024-12-26 22:06:24,333 - INFO - Added new product: 1009-130995_HU03
2024-12-26 22:06:24,333 - INFO - Added new product: 1009-131394_HU03
2024-12-26 22:06:24,334 - INFO - Added new product: 1009-131341_HU03
2024-12-26 22:06:24,335 - INFO - Added new product: 1009-131363_HU03
2024-12-26 22:06:24,336 - INFO - Added new product: 1009-131365_HU03
2024-12-26 22:06:24,337 - INFO - Added new product: 1009-131395_HU03
2024-12-26 22:06:24,337 - INFO - Added new product: 1009-131396_HU03
2024-12-26 22:06:24,338 - INFO - Added new product: 43003-131373_HU03
2024-12-26 22:06:24,339 - INFO - Added new product: 13012-120117_HU03
2024-12-26 22:06:24,340 - INFO - Added new product: 1042-130412_HU03
2024-12-26 22:06:24,341 - INFO - Added new product: 1042-130409-20525_HU03
2024-12-26 22:06:24,342 - INFO - Added new product: 1042-130411-20524_HU03
2024-12-26 22:06:24,342 - INFO - Added new product: 1042-130408-20528_HU03
2024-12-26 22:06:24,343 - INFO - Added new product: 1042-130410-20529_HU03
2024-12-26 22:06:24,344 - INFO - Added new product: 1042-130880-20783_HU03
2024-12-26 22:06:24,345 - INFO - Added new product: 1042-130620-20653_HU03
2024-12-26 22:06:24,346 - INFO - Added new product: 1042-131309-21051_HU03
2024-12-26 22:06:24,347 - INFO - Added new product: 1042-131262-21009_HU03
2024-12-26 22:06:24,348 - INFO - Added new product: 1042-131261-21012_HU03
2024-12-26 22:06:24,349 - INFO - Added new product: 1042-131260-21011_HU03
2024-12-26 22:06:24,350 - INFO - Added new product: 1042-131699-21250_HU03
2024-12-26 22:06:24,350 - INFO - Added new product: 1042-131542-21159_HU03
2024-12-26 22:06:24,351 - INFO - Added new product: 1042-131700-21251_HU03
2024-12-26 22:06:24,352 - INFO - Added new product: 1042-131698-21256_HU03
2024-12-26 22:06:24,353 - INFO - Added new product: 1042-131697-21254_HU03
2024-12-26 22:06:24,353 - INFO - Added new product: 1042-130623-20657_HU03
2024-12-26 22:06:24,354 - INFO - Added new product: 1042-130624-20656_HU03
2024-12-26 22:06:24,355 - INFO - Added new product: 2022-131118-20934_HU03
2024-12-26 22:06:24,357 - INFO - Added new product: 2022-131702-21252_HU03
2024-12-26 22:06:24,357 - INFO - Added new product: 2022-131701-21248_HU03
2024-12-26 22:06:24,358 - INFO - Added new product: 1042-130254-20452_HU03
2024-12-26 22:06:24,359 - INFO - Added new product: 1042-130422-20530_HU03
2024-12-26 22:06:24,360 - INFO - Added new product: 1042-131049-20903_HU03
2024-12-26 22:06:24,360 - INFO - Added new product: 2022-131704-21253_HU03
2024-12-26 22:06:24,361 - INFO - Added new product: 2022-131703-21255_HU03
2024-12-26 22:06:24,362 - INFO - Added new product: 1042-130415-20526_HU03
2024-12-26 22:06:24,363 - INFO - Added new product: 1042-130416-20527_HU03
2024-12-26 22:06:24,364 - INFO - Added new product: 1042-130417-20521_HU03
2024-12-26 22:06:24,365 - INFO - Added new product: 1042-130414-20522_HU03
2024-12-26 22:06:24,365 - INFO - Added new product: 1042-130999-20878_HU03
2024-12-26 22:06:24,366 - INFO - Added new product: 1042-131311-21052_HU03
2024-12-26 22:06:24,367 - INFO - Added new product: 1042-131047-20902_HU03
2024-12-26 22:06:24,368 - INFO - Added new product: 1042-131048-20901_HU03
2024-12-26 22:06:24,368 - INFO - Added new product: 1042-130248-20456_HU03
2024-12-26 22:06:24,369 - INFO - Added new product: 1042-130622-20654_HU03
2024-12-26 22:06:24,370 - INFO - Added new product: 1042-130621-20655_HU03
2024-12-26 22:06:24,371 - INFO - Added new product: 1042-129540-20147_HU03
2024-12-26 22:06:24,372 - INFO - Added new product: 1042-130247_HU03
2024-12-26 22:06:24,373 - INFO - Added new product: 50009-131545-21155_HU03
2024-12-26 22:06:24,374 - INFO - Added new product: 2022-131705-21257_HU03
2024-12-26 22:06:24,374 - INFO - Added new product: 2022-131543-21160_HU03
2024-12-26 22:06:24,375 - INFO - Added new product: 2022-131544-21161_HU03
2024-12-26 22:06:24,376 - INFO - Added new product: 13002-131708-21249_HU03
2024-12-26 22:06:24,377 - INFO - Added new product: 48012-130881-20784_HU03
2024-12-26 22:06:24,377 - INFO - Added new product: 1003-131675-21229_HU03
2024-12-26 22:06:24,378 - INFO - Added new product: 4004-131321_HU03
2024-12-26 22:06:24,379 - INFO - Added new product: 8019-131199_HU03
2024-12-26 22:06:24,380 - INFO - Added new product: 8019-131205_HU03
2024-12-26 22:06:24,381 - INFO - Added new product: 8019-131203_HU03
2024-12-26 22:06:24,381 - INFO - Added new product: 8019-131202_HU03
2024-12-26 22:06:24,382 - INFO - Added new product: 58001-131320_HU03
2024-12-26 22:06:24,383 - INFO - Added new product: 59001-120679-14670_HU03
2024-12-26 22:06:24,384 - INFO - Added new product: 73002-126768_HU03
2024-12-26 22:06:24,384 - INFO - Added new product: 1003-131664-21219_HU03
2024-12-26 22:06:24,385 - INFO - Added new product: 1003-131665-21222_HU03
2024-12-26 22:06:24,386 - INFO - Added new product: 1003-131666-21221_HU03
2024-12-26 22:06:24,387 - INFO - Added new product: 1003-131382_HU03
2024-12-26 22:06:24,388 - INFO - Added new product: 1003-131623-21205_HU03
2024-12-26 22:06:24,389 - INFO - Added new product: 1003-131628_HU03
2024-12-26 22:06:24,390 - INFO - Added new product: 1003-131270-21181_HU03
2024-12-26 22:06:24,391 - INFO - Added new product: 1003-131271-21038_HU03
2024-12-26 22:06:24,391 - INFO - Added new product: 1003-131629_HU03
2024-12-26 22:06:24,392 - INFO - Added new product: 1003-131668_HU03
2024-12-26 22:06:24,393 - INFO - Added new product: 1003-131669_HU03
2024-12-26 22:06:24,394 - INFO - Added new product: 1003-131622_HU03
2024-12-26 22:06:24,394 - INFO - Added new product: 43003-131095_HU03
2024-12-26 22:06:24,395 - INFO - Added new product: 1003-130822-20750_HU03
2024-12-26 22:06:24,396 - INFO - Added new product: 1003-131426-21171_HU03
2024-12-26 22:06:24,396 - INFO - Added new product: 1003-130837-20809_HU03
2024-12-26 22:06:24,397 - INFO - Added new product: 1003-130913-20827_HU03
2024-12-26 22:06:24,398 - INFO - Added new product: 1003-130844-20810_HU03
2024-12-26 22:06:24,399 - INFO - Added new product: 1003-131128_HU03
2024-12-26 22:06:24,400 - INFO - Added new product: 1003-130806-21180_HU03
2024-12-26 22:06:24,401 - INFO - Added new product: 1003-131325_HU03
2024-12-26 22:06:24,401 - INFO - Added new product: 1003-131236-20999_HU03
2024-12-26 22:06:24,402 - INFO - Added new product: 2012-131411-21087_HU03
2024-12-26 22:06:24,403 - INFO - Added new product: 8008-131097_HU03
2024-12-26 22:06:24,403 - INFO - Price tracking completed successfully
2024-12-26 22:06:24,403 - INFO - Waiting 60 minutes until next check...
2024-12-26 22:10:30,518 - INFO - Database connection established
2024-12-26 22:10:35,223 - INFO - Fetched 186 products from Bluefin
2024-12-26 22:10:35,335 - INFO - Price tracking completed successfully
2024-12-26 22:10:35,336 - INFO - Waiting 60 minutes until next check...
2024-12-26 23:28:08,115 - INFO - Database connection established
2024-12-26 23:28:13,108 - INFO - Fetched 186 products from Bluefin
2024-12-26 23:28:13,224 - INFO - Price tracking completed successfully
2024-12-26 23:28:13,224 - INFO - Waiting 60 minutes until next check...
2024-12-29 22:36:02,359 - INFO - Database connection established
2024-12-29 22:36:03,920 - ERROR - Failed to fetch stock data: 401 Client Error: Unauthorized for url: https://restful.bluefinmobileshop.com/getStock/?lang_id=0&price_drop=0
2024-12-29 22:36:03,920 - ERROR - Price tracking failed: 401 Client Error: Unauthorized for url: https://restful.bluefinmobileshop.com/getStock/?lang_id=0&price_drop=0
2024-12-29 22:36:03,920 - ERROR - Tracking cycle failed: 401 Client Error: Unauthorized for url: https://restful.bluefinmobileshop.com/getStock/?lang_id=0&price_drop=0
2024-12-29 22:37:01,805 - INFO - Database connection established
2024-12-29 22:37:06,633 - INFO - Fetched 169 products from Bluefin
2024-12-29 22:37:06,667 - INFO - Price change for 8001-131650-21210_HU03: 305.00 -> 303.00
2024-12-29 22:37:06,669 - INFO - Price change for 8001-131651-21208_HU03: 305.00 -> 303.00
2024-12-29 22:37:06,676 - INFO - Price change for 1015-131640_HU03: 290.00 -> 285.00
2024-12-29 22:37:06,677 - INFO - Price change for 1015-131641_HU03: 290.00 -> 285.00
2024-12-29 22:37:06,683 - INFO - Price change for 19003-127968_HU03: 275.00 -> 245.00
2024-12-29 22:37:06,692 - INFO - Price change for 1009-131692-21245_HU03: 121.00 -> 120.00
2024-12-29 22:37:06,695 - INFO - Price change for 1009-131694-21237_HU03: 157.00 -> 156.00
2024-12-29 22:37:06,696 - INFO - Price change for 1009-131695-21238_HU03: 157.00 -> 156.00
2024-12-29 22:37:06,699 - INFO - Price change for 1009-131693-21239_HU03: 121.00 -> 120.00
2024-12-29 22:37:06,701 - INFO - Added new product: 1009-131642_HU03
2024-12-29 22:37:06,710 - INFO - Price change for 1009-131515_HU03: 431.00 -> 429.00
2024-12-29 22:37:06,712 - INFO - Price change for 1009-131527_HU03: 495.00 -> 493.00
2024-12-29 22:37:06,720 - INFO - Price change for 2005-131567_HU03: 755.00 -> 760.00
2024-12-29 22:37:06,725 - INFO - Price change for 2005-130664_HU03: 490.00 -> 475.00
2024-12-29 22:37:06,727 - INFO - Price change for 2005-130757_HU03: 570.00 -> 565.00
2024-12-29 22:37:06,729 - INFO - Price change for 2005-130674_HU03: 687.00 -> 675.00
2024-12-29 22:37:06,764 - INFO - Price change for 1003-131675-21229_HU03: 395.00 -> 390.00
2024-12-29 22:37:06,765 - INFO - Price change for 4004-131321_HU03: 17.00 -> 20.00
2024-12-29 22:37:06,768 - INFO - Price change for 58001-131320_HU03: 93.00 -> 94.00
2024-12-29 22:37:06,769 - INFO - Price change for 59001-120679-14670_HU03: 17.00 -> 15.00
2024-12-29 22:37:06,769 - INFO - Price change for 73002-126768_HU03: 20.00 -> 22.00
2024-12-29 22:37:06,770 - INFO - Price change for 1003-131664-21219_HU03: 96.00 -> 95.00
2024-12-29 22:37:06,771 - INFO - Price change for 1003-131665-21222_HU03: 96.00 -> 95.00
2024-12-29 22:37:06,773 - INFO - Price change for 1003-131382_HU03: 365.00 -> 362.00
2024-12-29 22:37:06,773 - INFO - Price change for 1003-131623-21205_HU03: 99.00 -> 97.00
2024-12-29 22:37:06,774 - INFO - Price change for 1003-131628_HU03: 99.00 -> 97.00
2024-12-29 22:37:06,776 - INFO - Price change for 1003-131629_HU03: 88.00 -> 87.00
2024-12-29 22:37:06,777 - INFO - Price change for 1003-131668_HU03: 88.00 -> 87.00
2024-12-29 22:37:06,780 - INFO - Price change for 43003-131095_HU03: 25.00 -> 26.00
2024-12-29 22:37:06,781 - INFO - Price change for 1003-130822-20750_HU03: 117.00 -> 110.00
2024-12-29 22:37:06,781 - INFO - Price change for 1003-131426-21171_HU03: 154.00 -> 153.00
2024-12-29 22:37:06,784 - INFO - Price change for 1003-130913-20827_HU03: 170.00 -> 168.00
2024-12-29 22:37:06,784 - INFO - Price change for 1003-130844-20810_HU03: 251.00 -> 249.00
2024-12-29 22:37:06,785 - INFO - Price change for 1003-131128_HU03: 251.00 -> 249.00
2024-12-29 22:37:06,786 - INFO - Price change for 1003-130806-21180_HU03: 251.00 -> 249.00
2024-12-29 22:37:06,787 - INFO - Price change for 8008-131097_HU03: 50.00 -> 49.00
2024-12-29 22:37:06,788 - INFO - Price tracking completed successfully
2024-12-29 22:37:06,788 - INFO - Waiting 60 minutes until next check...
